<?xml version="1.0" encoding="UTF-8" ?>
<testsuite failures="0" time="22.909" errors="0" skipped="0" tests="4" name="org.openmrs.module.diagnosiscapturerwanda.DiagnosisUtilTest">
  <properties>
[...]
</properties>
  <testcase time="20.232" classname="org.openmrs.module.diagnosiscapturerwanda.DiagnosisUtilTest" name="metadataDictionary_shouldConvertConcept"/>
  <testcase time="0.765" classname="org.openmrs.module.diagnosiscapturerwanda.DiagnosisUtilTest" name="metadataDictionary_shouldHaveLoadedConcepts"/>
  <testcase time="0.743" classname="org.openmrs.module.diagnosiscapturerwanda.DiagnosisUtilTest" name="metadataDictionary_shouldConvertConceptUsingDiagnosisUtil"/>
  <testcase time="0.527" classname="org.openmrs.module.diagnosiscapturerwanda.DiagnosisUtilTest" name="metadataDictionary_shouldHaveLoadedConceptsUsingDiagnosisUtil"/>
</testsuite>